c:\workspace_jaebeom\datastructure\game_algorithm_doublebuffer\intermediate\x64\debug\game_algorithm\vc143.pdb
c:\workspace_jaebeom\datastructure\game_algorithm_doublebuffer\intermediate\x64\debug\game_algorithm\vc143.idb
c:\workspace_jaebeom\datastructure\game_algorithm_doublebuffer\intermediate\x64\debug\game_algorithm\main.obj
c:\workspace_jaebeom\datastructure\game_algorithm_doublebuffer\intermediate\x64\debug\game_algorithm\gamelevel.obj
c:\workspace_jaebeom\datastructure\game_algorithm_doublebuffer\intermediate\x64\debug\game_algorithm\game.obj
c:\workspace_jaebeom\datastructure\game_algorithm_doublebuffer\intermediate\x64\debug\game_algorithm\wall.obj
c:\workspace_jaebeom\datastructure\game_algorithm_doublebuffer\intermediate\x64\debug\game_algorithm\startingpoint.obj
c:\workspace_jaebeom\datastructure\game_algorithm_doublebuffer\intermediate\x64\debug\game_algorithm\player.obj
c:\workspace_jaebeom\datastructure\game_algorithm_doublebuffer\intermediate\x64\debug\game_algorithm\path.obj
c:\workspace_jaebeom\datastructure\game_algorithm_doublebuffer\intermediate\x64\debug\game_algorithm\ground.obj
c:\workspace_jaebeom\datastructure\game_algorithm_doublebuffer\intermediate\x64\debug\game_algorithm\goalpoint.obj
c:\workspace_jaebeom\datastructure\game_algorithm_doublebuffer\intermediate\x64\debug\game_algorithm\finalpath.obj
c:\workspace_jaebeom\datastructure\game_algorithm_doublebuffer\intermediate\x64\debug\game_algorithm\barrier.obj
c:\workspace_jaebeom\datastructure\game_algorithm_doublebuffer\bin\x64\debug\game_algorithm\game_algorithm.exe
c:\workspace_jaebeom\datastructure\game_algorithm_doublebuffer\bin\x64\debug\game_algorithm\game_algorithm.pdb
c:\workspace_jaebeom\datastructure\game_algorithm_doublebuffer\intermediate\x64\debug\game_algorithm\game_algorithm.ilk
c:\workspace_jaebeom\datastructure\game_algorithm_doublebuffer\intermediate\x64\debug\game_algorithm\game_algorithm.vcxproj.filelistabsolute.txt
c:\workspace_jaebeom\datastructure\game_algorithm_doublebuffer\intermediate\x64\debug\game_algorithm\game_algorithm.tlog\cl.command.1.tlog
c:\workspace_jaebeom\datastructure\game_algorithm_doublebuffer\intermediate\x64\debug\game_algorithm\game_algorithm.tlog\cl.items.tlog
c:\workspace_jaebeom\datastructure\game_algorithm_doublebuffer\intermediate\x64\debug\game_algorithm\game_algorithm.tlog\cl.read.1.tlog
c:\workspace_jaebeom\datastructure\game_algorithm_doublebuffer\intermediate\x64\debug\game_algorithm\game_algorithm.tlog\cl.write.1.tlog
c:\workspace_jaebeom\datastructure\game_algorithm_doublebuffer\intermediate\x64\debug\game_algorithm\game_algorithm.tlog\link.command.1.tlog
c:\workspace_jaebeom\datastructure\game_algorithm_doublebuffer\intermediate\x64\debug\game_algorithm\game_algorithm.tlog\link.read.1.tlog
c:\workspace_jaebeom\datastructure\game_algorithm_doublebuffer\intermediate\x64\debug\game_algorithm\game_algorithm.tlog\link.secondary.1.tlog
c:\workspace_jaebeom\datastructure\game_algorithm_doublebuffer\intermediate\x64\debug\game_algorithm\game_algorithm.tlog\link.write.1.tlog
