c:\workspace_jaebeom\datastructure\game_algorithm_doublebuffer\intermediate\x64\debug\engine\vc143.pdb
c:\workspace_jaebeom\datastructure\game_algorithm_doublebuffer\intermediate\x64\debug\engine\vc143.idb
c:\workspace_jaebeom\datastructure\game_algorithm_doublebuffer\intermediate\x64\debug\engine\screenbuffer.obj
c:\workspace_jaebeom\datastructure\game_algorithm_doublebuffer\intermediate\x64\debug\engine\vector2.obj
c:\workspace_jaebeom\datastructure\game_algorithm_doublebuffer\intermediate\x64\debug\engine\level.obj
c:\workspace_jaebeom\datastructure\game_algorithm_doublebuffer\intermediate\x64\debug\engine\input.obj
c:\workspace_jaebeom\datastructure\game_algorithm_doublebuffer\intermediate\x64\debug\engine\engine.obj
c:\workspace_jaebeom\datastructure\game_algorithm_doublebuffer\intermediate\x64\debug\engine\actor.obj
c:\workspace_jaebeom\datastructure\game_algorithm_doublebuffer\bin\x64\debug\engine\engine.dll
c:\workspace_jaebeom\datastructure\game_algorithm_doublebuffer\bin\x64\debug\engine\engine.pdb
c:\workspace_jaebeom\datastructure\game_algorithm_doublebuffer\bin\x64\debug\engine\engine.lib
c:\workspace_jaebeom\datastructure\game_algorithm_doublebuffer\bin\x64\debug\engine\engine.exp
c:\workspace_jaebeom\datastructure\game_algorithm_doublebuffer\intermediate\x64\debug\engine\engine.ilk
c:\workspace_jaebeom\datastructure\game_algorithm_doublebuffer\intermediate\x64\debug\engine\engine.vcxproj.filelistabsolute.txt
c:\workspace_jaebeom\datastructure\game_algorithm_doublebuffer\intermediate\x64\debug\engine\engine.tlog\cl.command.1.tlog
c:\workspace_jaebeom\datastructure\game_algorithm_doublebuffer\intermediate\x64\debug\engine\engine.tlog\cl.items.tlog
c:\workspace_jaebeom\datastructure\game_algorithm_doublebuffer\intermediate\x64\debug\engine\engine.tlog\cl.read.1.tlog
c:\workspace_jaebeom\datastructure\game_algorithm_doublebuffer\intermediate\x64\debug\engine\engine.tlog\cl.write.1.tlog
c:\workspace_jaebeom\datastructure\game_algorithm_doublebuffer\intermediate\x64\debug\engine\engine.tlog\link.command.1.tlog
c:\workspace_jaebeom\datastructure\game_algorithm_doublebuffer\intermediate\x64\debug\engine\engine.tlog\link.read.1.tlog
c:\workspace_jaebeom\datastructure\game_algorithm_doublebuffer\intermediate\x64\debug\engine\engine.tlog\link.secondary.1.tlog
c:\workspace_jaebeom\datastructure\game_algorithm_doublebuffer\intermediate\x64\debug\engine\engine.tlog\link.write.1.tlog
